Compiling the C compiler identification source file "CMakeCCompilerId.c" failed.
Compiler: /Users/jafri/eosio.cdt/build/bin/eosio-cc 
Build flags: ;-O3;
Id flags:  

The output was:
255
/Users/jafri/eosio.cdt/build/bin/wasm-ld: error: fatal failure: contract with no actions and trying to create dispatcher


Compiling the CXX compiler identification source file "CMakeCXXCompilerId.cpp" failed.
Compiler: /Users/jafri/eosio.cdt/build/bin/eosio-cpp 
Build flags: ;-O3;
Id flags:  

The output was:
255
/Users/jafri/eosio.cdt/build/bin/wasm-ld: error: fatal failure: contract with no actions and trying to create dispatcher


Detecting C compiler ABI info failed to compile with the following output:
Change Dir: /Users/jafri/eosio.contracts/contracts/evm/evm/CMakeFiles/CMakeTmp

Run Build Command(s):/usr/bin/make cmTC_09f1b/fast && /Applications/Xcode.app/Contents/Developer/usr/bin/make -f CMakeFiles/cmTC_09f1b.dir/build.make CMakeFiles/cmTC_09f1b.dir/build
Building C object CMakeFiles/cmTC_09f1b.dir/CMakeCCompilerABI.c.obj
/Users/jafri/eosio.cdt/build/bin/eosio-cc   -O3     -v -o CMakeFiles/cmTC_09f1b.dir/CMakeCCompilerABI.c.obj   -c /usr/local/Cellar/cmake/3.16.1/share/cmake/Modules/CMakeCCompilerABI.c
clang version 7.0.0 (https://github.com/eosio/clang.git 6b886302a11a8419b76e469794ff9d0c531a4b4b) (https://github.com/eosio/llvm 3c026f8b7813ad693749d3551353a554c5ca33e7)
Target: x86_64-apple-darwin19.0.0
Thread model: posix
InstalledDir: /Users/jafri/eosio.cdt/build/bin
Linking C executable cmTC_09f1b.wasm
/usr/local/Cellar/cmake/3.16.1/bin/cmake -E cmake_link_script CMakeFiles/cmTC_09f1b.dir/link.txt --verbose=1
/Users/jafri/eosio.cdt/build/bin/eosio-ld  -v CMakeFiles/cmTC_09f1b.dir/CMakeCCompilerABI.c.obj -o cmTC_09f1b.wasm 
eosio-ld: Unknown command line argument '-v'.  Try: '/Users/jafri/eosio.cdt/build/bin/eosio-ld -help'
eosio-ld: Did you mean '-L'?
make[4]: *** [cmTC_09f1b.wasm] Error 1
make[3]: *** [cmTC_09f1b/fast] Error 2




Detecting CXX compiler ABI info failed to compile with the following output:
Change Dir: /Users/jafri/eosio.contracts/contracts/evm/evm/CMakeFiles/CMakeTmp

Run Build Command(s):/usr/bin/make cmTC_32492/fast && /Applications/Xcode.app/Contents/Developer/usr/bin/make -f CMakeFiles/cmTC_32492.dir/build.make CMakeFiles/cmTC_32492.dir/build
Building CXX object CMakeFiles/cmTC_32492.dir/CMakeCXXCompilerABI.cpp.obj
/Users/jafri/eosio.cdt/build/bin/eosio-cpp    -O3     -v -o CMakeFiles/cmTC_32492.dir/CMakeCXXCompilerABI.cpp.obj -c /usr/local/Cellar/cmake/3.16.1/share/cmake/Modules/CMakeCXXCompilerABI.cpp
clang version 7.0.0 (https://github.com/eosio/clang.git 6b886302a11a8419b76e469794ff9d0c531a4b4b) (https://github.com/eosio/llvm 3c026f8b7813ad693749d3551353a554c5ca33e7)
Target: x86_64-apple-darwin19.0.0
Thread model: posix
InstalledDir: /Users/jafri/eosio.cdt/build/bin
Linking CXX executable cmTC_32492.wasm
/usr/local/Cellar/cmake/3.16.1/bin/cmake -E cmake_link_script CMakeFiles/cmTC_32492.dir/link.txt --verbose=1
/Users/jafri/eosio.cdt/build/bin/eosio-ld  -v CMakeFiles/cmTC_32492.dir/CMakeCXXCompilerABI.cpp.obj -o cmTC_32492.wasm 
eosio-ld: Unknown command line argument '-v'.  Try: '/Users/jafri/eosio.cdt/build/bin/eosio-ld -help'
eosio-ld: Did you mean '-L'?
make[4]: *** [cmTC_32492.wasm] Error 1
make[3]: *** [cmTC_32492/fast] Error 2




